{
  "RSpec": {
    "coverage": {
      "/Users/addieland/ada/projects/weekend-warrior/02-alouette/alouette.rb": [
        1,
        null,
        1,
        32,
        null,
        32,
        32,
        135,
        null,
        null,
        32,
        null,
        null,
        1,
        29,
        null,
        29,
        87,
        410,
        87,
        29,
        null,
        29,
        null,
        null,
        1,
        3,
        null,
        3,
        3,
        24,
        24,
        null,
        3,
        null,
        3,
        null,
        null
      ]
    },
    "timestamp": 1488388777
  }
}
